<?xml version="1.0" encoding="UTF-8"?>
<testsuite name="Integration test">
<testcase name="compiler_tests/_example/example.c">
</testcase>
<testcase name="compiler_tests/array/declare_global.c">
<error type="error" message="Fail: see ./bin/output/compiler_tests_array_declare_global.linker.stderr.log and ./bin/output/compiler_tests_array_declare_global.linker.stdout.log">Fail: see ./bin/output/compiler_tests_array_declare_global.linker.stderr.log and ./bin/output/compiler_tests_array_declare_global.linker.stdout.log</error>
</testcase>
<testcase name="compiler_tests/array/declare_local.c">
</testcase>
<testcase name="compiler_tests/array/index_constant.c">
<error type="error" message="Fail: see ./bin/output/compiler_tests_array_index_constant.compiler.stderr.log and ./bin/output/compiler_tests_array_index_constant.compiler.stdout.log">Fail: see ./bin/output/compiler_tests_array_index_constant.compiler.stderr.log and ./bin/output/compiler_tests_array_index_constant.compiler.stdout.log</error>
</testcase>
<testcase name="compiler_tests/array/index_expression.c">
<error type="error" message="Fail: simulation did not exit with exit-code 0">Fail: simulation did not exit with exit-code 0</error>
</testcase>
<testcase name="compiler_tests/array/index_variable.c">
<error type="error" message="Fail: simulation did not exit with exit-code 0">Fail: simulation did not exit with exit-code 0</error>
</testcase>
<testcase name="compiler_tests/control_flow/for_multiple.c">
<error type="error" message="Fail: simulation did not exit with exit-code 0">Fail: simulation did not exit with exit-code 0</error>
</testcase>
<testcase name="compiler_tests/control_flow/for_one.c">
<error type="error" message="Fail: see ./bin/output/compiler_tests_control_flow_for_one.compiler.stderr.log and ./bin/output/compiler_tests_control_flow_for_one.compiler.stdout.log">Fail: see ./bin/output/compiler_tests_control_flow_for_one.compiler.stderr.log and ./bin/output/compiler_tests_control_flow_for_one.compiler.stdout.log</error>
</testcase>
<testcase name="compiler_tests/control_flow/for_zero_v1.c">
</testcase>
<testcase name="compiler_tests/control_flow/for_zero_v2.c">
</testcase>
<testcase name="compiler_tests/control_flow/if_else_false.c">
<error type="error" message="Fail: simulation did not exit with exit-code 0">Fail: simulation did not exit with exit-code 0</error>
</testcase>
<testcase name="compiler_tests/control_flow/if_else_true.c">
</testcase>
<testcase name="compiler_tests/control_flow/if_false.c">
</testcase>
<testcase name="compiler_tests/control_flow/if_true.c">
<error type="error" message="Fail: simulation did not exit with exit-code 0">Fail: simulation did not exit with exit-code 0</error>
</testcase>
<testcase name="compiler_tests/control_flow/sequence.c">
</testcase>
<testcase name="compiler_tests/control_flow/while_multiple.c">
<error type="error" message="Fail: simulation did not exit with exit-code 0">Fail: simulation did not exit with exit-code 0</error>
</testcase>
<testcase name="compiler_tests/control_flow/while_once.c">
